<?xml version="1.0" encoding="UTF-8"?>
<!-- Generated by org.testng.reporters.JUnitXMLReporter -->
<testsuite ignored="8" hostname="DESKTOP-G9DF0PR" failures="0" tests="5" name="chrome" time="102.44" errors="0" timestamp="2022-05-20T17:44:34 IST">
  <testcase classname="com.vtiger.DocumentsSTest.CreateDocumentTest" name="createDocTest" time="10.929"/>
  <testcase classname="com.vtiger.contactsSTest.CreateContactTest" name="createContactExceTest" time="14.612"/>
  <testcase classname="com.vtiger.CampaigNamesSTest.CreateCompaignTest" name="creCampaignTest" time="5.879"/>
  <testcase classname="com.vtiger.ProductSTest.ProductTest" name="createProduct" time="16.887"/>
  <testcase classname="com.vtiger.organizationSTest.CreateOrganizationTest" name="createOrgExcel" time="9.903"/>
  <testcase classname="com.SDETL1_GenericUtility.BaseClass" name="@AfterSuite afterSuit1Test" time="0.0">
    <ignored/>
  </testcase> <!-- @AfterSuite afterSuit1Test -->
  <testcase classname="com.SDETL1_GenericUtility.BaseClass" name="@AfterSuite afterSuit1Test" time="0.0">
    <ignored/>
  </testcase> <!-- @AfterSuite afterSuit1Test -->
  <testcase classname="com.SDETL1_GenericUtility.BaseClass" name="@AfterSuite afterSuit1Test" time="0.0">
    <ignored/>
  </testcase> <!-- @AfterSuite afterSuit1Test -->
  <testcase classname="com.SDETL1_GenericUtility.BaseClass" name="@AfterSuite afterSuit1Test" time="0.0">
    <ignored/>
  </testcase> <!-- @AfterSuite afterSuit1Test -->
  <testcase classname="com.SDETL1_GenericUtility.BaseClass" name="@BeforeSuite beforeSuitTest" time="0.0">
    <ignored/>
  </testcase> <!-- @BeforeSuite beforeSuitTest -->
  <testcase classname="com.SDETL1_GenericUtility.BaseClass" name="@BeforeSuite beforeSuitTest" time="0.0">
    <ignored/>
  </testcase> <!-- @BeforeSuite beforeSuitTest -->
  <testcase classname="com.SDETL1_GenericUtility.BaseClass" name="@BeforeSuite beforeSuitTest" time="0.0">
    <ignored/>
  </testcase> <!-- @BeforeSuite beforeSuitTest -->
  <testcase classname="com.SDETL1_GenericUtility.BaseClass" name="@BeforeSuite beforeSuitTest" time="0.0">
    <ignored/>
  </testcase> <!-- @BeforeSuite beforeSuitTest -->
</testsuite> <!-- chrome -->
