<?xml version="1.0" encoding="UTF-8"?>
<!-- Generated by org.testng.reporters.JUnitXMLReporter -->
<testsuite ignored="8" hostname="DESKTOP-G9DF0PR" failures="0" tests="5" name="Test1" time="7.109" errors="0" timestamp="2022-05-20T11:31:39 IST">
  <testcase classname="com.SDETL1_GenericUtility.BaseClass" name="@BeforeClass beforeClassTest" time="1.907">
    <failure type="io.github.bonigarcia.wdm.config.WebDriverManagerException" message="io.github.bonigarcia.wdm.config.WebDriverManagerException: java.net.UnknownHostException: chromedriver.storage.googleapis.com">
      <![CDATA[io.github.bonigarcia.wdm.config.WebDriverManagerException: io.github.bonigarcia.wdm.config.WebDriverManagerException: java.net.UnknownHostException: chromedriver.storage.googleapis.com
at io.github.bonigarcia.wdm.WebDriverManager.handleException(WebDriverManager.java:1306)
at io.github.bonigarcia.wdm.WebDriverManager.manage(WebDriverManager.java:1089)
at io.github.bonigarcia.wdm.WebDriverManager.fallback(WebDriverManager.java:1322)
at io.github.bonigarcia.wdm.WebDriverManager.handleException(WebDriverManager.java:1303)
at io.github.bonigarcia.wdm.WebDriverManager.manage(WebDriverManager.java:1089)
at io.github.bonigarcia.wdm.WebDriverManager.handleException(WebDriverManager.java:1296)
at io.github.bonigarcia.wdm.WebDriverManager.manage(WebDriverManager.java:1089)
at io.github.bonigarcia.wdm.WebDriverManager.setup(WebDriverManager.java:396)
at com.SDETL1_GenericUtility.BaseClass.beforeClassTest(BaseClass.java:68)
at java.base/java.util.ArrayList.forEach(ArrayList.java:1511)
at java.base/java.util.concurrent.FutureTask.run(FutureTask.java:264)
at java.base/java.util.concurrent.ThreadPoolExecutor.runWorker(ThreadPoolExecutor.java:1130)
at java.base/java.util.concurrent.ThreadPoolExecutor$Worker.run(ThreadPoolExecutor.java:630)
at java.base/java.lang.Thread.run(Thread.java:831)
Caused by: io.github.bonigarcia.wdm.config.WebDriverManagerException: java.net.UnknownHostException: chromedriver.storage.googleapis.com
at io.github.bonigarcia.wdm.WebDriverManager.getDriversFromXml(WebDriverManager.java:1453)
at io.github.bonigarcia.wdm.managers.ChromeDriverManager.getDriverUrls(ChromeDriverManager.java:103)
at io.github.bonigarcia.wdm.WebDriverManager.createUrlHandler(WebDriverManager.java:1327)
at io.github.bonigarcia.wdm.WebDriverManager.download(WebDriverManager.java:1165)
at io.github.bonigarcia.wdm.WebDriverManager.manage(WebDriverManager.java:1083)
... 28 more
Caused by: java.net.UnknownHostException: chromedriver.storage.googleapis.com
at java.base/java.net.InetAddress$CachedAddresses.get(InetAddress.java:800)
at java.base/java.net.InetAddress.getAllByName0(InetAddress.java:1507)
at java.base/java.net.InetAddress.getAllByName(InetAddress.java:1366)
at java.base/java.net.InetAddress.getAllByName(InetAddress.java:1300)
at org.apache.hc.client5.http.SystemDefaultDnsResolver.resolve(SystemDefaultDnsResolver.java:43)
at org.apache.hc.client5.http.impl.io.DefaultHttpClientConnectionOperator.connect(DefaultHttpClientConnectionOperator.java:118)
at org.apache.hc.client5.http.impl.io.PoolingHttpClientConnectionManager.connect(PoolingHttpClientConnectionManager.java:396)
at org.apache.hc.client5.http.impl.classic.InternalExecRuntime.connectEndpoint(InternalExecRuntime.java:158)
at org.apache.hc.client5.http.impl.classic.InternalExecRuntime.connectEndpoint(InternalExecRuntime.java:168)
at org.apache.hc.client5.http.impl.classic.ConnectExec.execute(ConnectExec.java:136)
at org.apache.hc.client5.http.impl.classic.ExecChainElement.execute(ExecChainElement.java:51)
at org.apache.hc.client5.http.impl.classic.ExecChainElement$1.proceed(ExecChainElement.java:57)
at org.apache.hc.client5.http.impl.classic.ProtocolExec.execute(ProtocolExec.java:175)
at org.apache.hc.client5.http.impl.classic.ExecChainElement.execute(ExecChainElement.java:51)
at org.apache.hc.client5.http.impl.classic.ExecChainElement$1.proceed(ExecChainElement.java:57)
at org.apache.hc.client5.http.impl.classic.HttpRequestRetryExec.execute(HttpRequestRetryExec.java:96)
at org.apache.hc.client5.http.impl.classic.ExecChainElement.execute(ExecChainElement.java:51)
at org.apache.hc.client5.http.impl.classic.ExecChainElement$1.proceed(ExecChainElement.java:57)
at org.apache.hc.client5.http.impl.classic.ContentCompressionExec.execute(ContentCompressionExec.java:133)
at org.apache.hc.client5.http.impl.classic.ExecChainElement.execute(ExecChainElement.java:51)
at org.apache.hc.client5.http.impl.classic.ExecChainElement$1.proceed(ExecChainElement.java:57)
at org.apache.hc.client5.http.impl.classic.RedirectExec.execute(RedirectExec.java:115)
at org.apache.hc.client5.http.impl.classic.ExecChainElement.execute(ExecChainElement.java:51)
at org.apache.hc.client5.http.impl.classic.InternalHttpClient.doExecute(InternalHttpClient.java:170)
at org.apache.hc.client5.http.impl.classic.CloseableHttpClient.execute(CloseableHttpClient.java:75)
at org.apache.hc.client5.http.impl.classic.CloseableHttpClient.execute(CloseableHttpClient.java:89)
at io.github.bonigarcia.wdm.online.HttpClient.execute(HttpClient.java:158)
at io.github.bonigarcia.wdm.WebDriverManager.getDriversFromXml(WebDriverManager.java:1438)
... 32 more
... Removed 16 stack frames]]>
    </failure>
  </testcase> <!-- @BeforeClass beforeClassTest -->
  <testcase classname="com.SDETL1_GenericUtility.BaseClass" name="@BeforeMethod beforeMethod1Test" time="-1.65302649466E9">
    <skipped/>
  </testcase> <!-- @BeforeMethod beforeMethod1Test -->
  <testcase classname="com.SDETL1_GenericUtility.BaseClass" name="@AfterMethod afterMethod1Test" time="-1.653026494683E9">
    <skipped/>
  </testcase> <!-- @AfterMethod afterMethod1Test -->
  <testcase classname="com.SDETL1_GenericUtility.BaseClass" name="@AfterClass afterClass1Test" time="-1.65302649469E9">
    <skipped/>
  </testcase> <!-- @AfterClass afterClass1Test -->
  <testcase classname="com.SDETL1_GenericUtility.BaseClass" name="@BeforeClass beforeClassTest" time="0.867">
    <failure type="io.github.bonigarcia.wdm.config.WebDriverManagerException" message="io.github.bonigarcia.wdm.config.WebDriverManagerException: java.net.UnknownHostException: chromedriver.storage.googleapis.com">
      <![CDATA[io.github.bonigarcia.wdm.config.WebDriverManagerException: io.github.bonigarcia.wdm.config.WebDriverManagerException: java.net.UnknownHostException: chromedriver.storage.googleapis.com
at io.github.bonigarcia.wdm.WebDriverManager.handleException(WebDriverManager.java:1306)
at io.github.bonigarcia.wdm.WebDriverManager.manage(WebDriverManager.java:1089)
at io.github.bonigarcia.wdm.WebDriverManager.fallback(WebDriverManager.java:1322)
at io.github.bonigarcia.wdm.WebDriverManager.handleException(WebDriverManager.java:1303)
at io.github.bonigarcia.wdm.WebDriverManager.manage(WebDriverManager.java:1089)
at io.github.bonigarcia.wdm.WebDriverManager.handleException(WebDriverManager.java:1296)
at io.github.bonigarcia.wdm.WebDriverManager.manage(WebDriverManager.java:1089)
at io.github.bonigarcia.wdm.WebDriverManager.setup(WebDriverManager.java:396)
at com.SDETL1_GenericUtility.BaseClass.beforeClassTest(BaseClass.java:68)
at java.base/java.util.ArrayList.forEach(ArrayList.java:1511)
at java.base/java.util.concurrent.FutureTask.run(FutureTask.java:264)
at java.base/java.util.concurrent.ThreadPoolExecutor.runWorker(ThreadPoolExecutor.java:1130)
at java.base/java.util.concurrent.ThreadPoolExecutor$Worker.run(ThreadPoolExecutor.java:630)
at java.base/java.lang.Thread.run(Thread.java:831)
Caused by: io.github.bonigarcia.wdm.config.WebDriverManagerException: java.net.UnknownHostException: chromedriver.storage.googleapis.com
at io.github.bonigarcia.wdm.WebDriverManager.getDriversFromXml(WebDriverManager.java:1453)
at io.github.bonigarcia.wdm.managers.ChromeDriverManager.getDriverUrls(ChromeDriverManager.java:103)
at io.github.bonigarcia.wdm.WebDriverManager.createUrlHandler(WebDriverManager.java:1327)
at io.github.bonigarcia.wdm.WebDriverManager.download(WebDriverManager.java:1165)
at io.github.bonigarcia.wdm.WebDriverManager.manage(WebDriverManager.java:1083)
... 28 more
Caused by: java.net.UnknownHostException: chromedriver.storage.googleapis.com
at java.base/java.net.InetAddress$CachedAddresses.get(InetAddress.java:800)
at java.base/java.net.InetAddress.getAllByName0(InetAddress.java:1507)
at java.base/java.net.InetAddress.getAllByName(InetAddress.java:1366)
at java.base/java.net.InetAddress.getAllByName(InetAddress.java:1300)
at org.apache.hc.client5.http.SystemDefaultDnsResolver.resolve(SystemDefaultDnsResolver.java:43)
at org.apache.hc.client5.http.impl.io.DefaultHttpClientConnectionOperator.connect(DefaultHttpClientConnectionOperator.java:118)
at org.apache.hc.client5.http.impl.io.PoolingHttpClientConnectionManager.connect(PoolingHttpClientConnectionManager.java:396)
at org.apache.hc.client5.http.impl.classic.InternalExecRuntime.connectEndpoint(InternalExecRuntime.java:158)
at org.apache.hc.client5.http.impl.classic.InternalExecRuntime.connectEndpoint(InternalExecRuntime.java:168)
at org.apache.hc.client5.http.impl.classic.ConnectExec.execute(ConnectExec.java:136)
at org.apache.hc.client5.http.impl.classic.ExecChainElement.execute(ExecChainElement.java:51)
at org.apache.hc.client5.http.impl.classic.ExecChainElement$1.proceed(ExecChainElement.java:57)
at org.apache.hc.client5.http.impl.classic.ProtocolExec.execute(ProtocolExec.java:175)
at org.apache.hc.client5.http.impl.classic.ExecChainElement.execute(ExecChainElement.java:51)
at org.apache.hc.client5.http.impl.classic.ExecChainElement$1.proceed(ExecChainElement.java:57)
at org.apache.hc.client5.http.impl.classic.HttpRequestRetryExec.execute(HttpRequestRetryExec.java:96)
at org.apache.hc.client5.http.impl.classic.ExecChainElement.execute(ExecChainElement.java:51)
at org.apache.hc.client5.http.impl.classic.ExecChainElement$1.proceed(ExecChainElement.java:57)
at org.apache.hc.client5.http.impl.classic.ContentCompressionExec.execute(ContentCompressionExec.java:133)
at org.apache.hc.client5.http.impl.classic.ExecChainElement.execute(ExecChainElement.java:51)
at org.apache.hc.client5.http.impl.classic.ExecChainElement$1.proceed(ExecChainElement.java:57)
at org.apache.hc.client5.http.impl.classic.RedirectExec.execute(RedirectExec.java:115)
at org.apache.hc.client5.http.impl.classic.ExecChainElement.execute(ExecChainElement.java:51)
at org.apache.hc.client5.http.impl.classic.InternalHttpClient.doExecute(InternalHttpClient.java:170)
at org.apache.hc.client5.http.impl.classic.CloseableHttpClient.execute(CloseableHttpClient.java:75)
at org.apache.hc.client5.http.impl.classic.CloseableHttpClient.execute(CloseableHttpClient.java:89)
at io.github.bonigarcia.wdm.online.HttpClient.execute(HttpClient.java:158)
at io.github.bonigarcia.wdm.WebDriverManager.getDriversFromXml(WebDriverManager.java:1438)
... 32 more
... Removed 16 stack frames]]>
    </failure>
  </testcase> <!-- @BeforeClass beforeClassTest -->
  <testcase classname="com.SDETL1_GenericUtility.BaseClass" name="@BeforeMethod beforeMethod1Test" time="-1.653026495561E9">
    <skipped/>
  </testcase> <!-- @BeforeMethod beforeMethod1Test -->
  <testcase classname="com.SDETL1_GenericUtility.BaseClass" name="@AfterMethod afterMethod1Test" time="-1.653026495571E9">
    <skipped/>
  </testcase> <!-- @AfterMethod afterMethod1Test -->
  <testcase classname="com.SDETL1_GenericUtility.BaseClass" name="@AfterClass afterClass1Test" time="-1.653026495573E9">
    <skipped/>
  </testcase> <!-- @AfterClass afterClass1Test -->
  <testcase classname="com.SDETL1_GenericUtility.BaseClass" name="@BeforeClass beforeClassTest" time="1.277">
    <failure type="io.github.bonigarcia.wdm.config.WebDriverManagerException" message="io.github.bonigarcia.wdm.config.WebDriverManagerException: java.net.UnknownHostException: chromedriver.storage.googleapis.com">
      <![CDATA[io.github.bonigarcia.wdm.config.WebDriverManagerException: io.github.bonigarcia.wdm.config.WebDriverManagerException: java.net.UnknownHostException: chromedriver.storage.googleapis.com
at io.github.bonigarcia.wdm.WebDriverManager.handleException(WebDriverManager.java:1306)
at io.github.bonigarcia.wdm.WebDriverManager.manage(WebDriverManager.java:1089)
at io.github.bonigarcia.wdm.WebDriverManager.fallback(WebDriverManager.java:1322)
at io.github.bonigarcia.wdm.WebDriverManager.handleException(WebDriverManager.java:1303)
at io.github.bonigarcia.wdm.WebDriverManager.manage(WebDriverManager.java:1089)
at io.github.bonigarcia.wdm.WebDriverManager.handleException(WebDriverManager.java:1296)
at io.github.bonigarcia.wdm.WebDriverManager.manage(WebDriverManager.java:1089)
at io.github.bonigarcia.wdm.WebDriverManager.setup(WebDriverManager.java:396)
at com.SDETL1_GenericUtility.BaseClass.beforeClassTest(BaseClass.java:68)
at java.base/java.util.ArrayList.forEach(ArrayList.java:1511)
at java.base/java.util.concurrent.FutureTask.run(FutureTask.java:264)
at java.base/java.util.concurrent.ThreadPoolExecutor.runWorker(ThreadPoolExecutor.java:1130)
at java.base/java.util.concurrent.ThreadPoolExecutor$Worker.run(ThreadPoolExecutor.java:630)
at java.base/java.lang.Thread.run(Thread.java:831)
Caused by: io.github.bonigarcia.wdm.config.WebDriverManagerException: java.net.UnknownHostException: chromedriver.storage.googleapis.com
at io.github.bonigarcia.wdm.WebDriverManager.getDriversFromXml(WebDriverManager.java:1453)
at io.github.bonigarcia.wdm.managers.ChromeDriverManager.getDriverUrls(ChromeDriverManager.java:103)
at io.github.bonigarcia.wdm.WebDriverManager.createUrlHandler(WebDriverManager.java:1327)
at io.github.bonigarcia.wdm.WebDriverManager.download(WebDriverManager.java:1165)
at io.github.bonigarcia.wdm.WebDriverManager.manage(WebDriverManager.java:1083)
... 28 more
Caused by: java.net.UnknownHostException: chromedriver.storage.googleapis.com
at java.base/java.net.InetAddress$CachedAddresses.get(InetAddress.java:800)
at java.base/java.net.InetAddress.getAllByName0(InetAddress.java:1507)
at java.base/java.net.InetAddress.getAllByName(InetAddress.java:1366)
at java.base/java.net.InetAddress.getAllByName(InetAddress.java:1300)
at org.apache.hc.client5.http.SystemDefaultDnsResolver.resolve(SystemDefaultDnsResolver.java:43)
at org.apache.hc.client5.http.impl.io.DefaultHttpClientConnectionOperator.connect(DefaultHttpClientConnectionOperator.java:118)
at org.apache.hc.client5.http.impl.io.PoolingHttpClientConnectionManager.connect(PoolingHttpClientConnectionManager.java:396)
at org.apache.hc.client5.http.impl.classic.InternalExecRuntime.connectEndpoint(InternalExecRuntime.java:158)
at org.apache.hc.client5.http.impl.classic.InternalExecRuntime.connectEndpoint(InternalExecRuntime.java:168)
at org.apache.hc.client5.http.impl.classic.ConnectExec.execute(ConnectExec.java:136)
at org.apache.hc.client5.http.impl.classic.ExecChainElement.execute(ExecChainElement.java:51)
at org.apache.hc.client5.http.impl.classic.ExecChainElement$1.proceed(ExecChainElement.java:57)
at org.apache.hc.client5.http.impl.classic.ProtocolExec.execute(ProtocolExec.java:175)
at org.apache.hc.client5.http.impl.classic.ExecChainElement.execute(ExecChainElement.java:51)
at org.apache.hc.client5.http.impl.classic.ExecChainElement$1.proceed(ExecChainElement.java:57)
at org.apache.hc.client5.http.impl.classic.HttpRequestRetryExec.execute(HttpRequestRetryExec.java:96)
at org.apache.hc.client5.http.impl.classic.ExecChainElement.execute(ExecChainElement.java:51)
at org.apache.hc.client5.http.impl.classic.ExecChainElement$1.proceed(ExecChainElement.java:57)
at org.apache.hc.client5.http.impl.classic.ContentCompressionExec.execute(ContentCompressionExec.java:133)
at org.apache.hc.client5.http.impl.classic.ExecChainElement.execute(ExecChainElement.java:51)
at org.apache.hc.client5.http.impl.classic.ExecChainElement$1.proceed(ExecChainElement.java:57)
at org.apache.hc.client5.http.impl.classic.RedirectExec.execute(RedirectExec.java:115)
at org.apache.hc.client5.http.impl.classic.ExecChainElement.execute(ExecChainElement.java:51)
at org.apache.hc.client5.http.impl.classic.InternalHttpClient.doExecute(InternalHttpClient.java:170)
at org.apache.hc.client5.http.impl.classic.CloseableHttpClient.execute(CloseableHttpClient.java:75)
at org.apache.hc.client5.http.impl.classic.CloseableHttpClient.execute(CloseableHttpClient.java:89)
at io.github.bonigarcia.wdm.online.HttpClient.execute(HttpClient.java:158)
at io.github.bonigarcia.wdm.WebDriverManager.getDriversFromXml(WebDriverManager.java:1438)
... 32 more
... Removed 16 stack frames]]>
    </failure>
  </testcase> <!-- @BeforeClass beforeClassTest -->
  <testcase classname="com.SDETL1_GenericUtility.BaseClass" name="@BeforeMethod beforeMethod1Test" time="-1.653026496854E9">
    <skipped/>
  </testcase> <!-- @BeforeMethod beforeMethod1Test -->
  <testcase classname="com.SDETL1_GenericUtility.BaseClass" name="@AfterMethod afterMethod1Test" time="-1.653026496862E9">
    <skipped/>
  </testcase> <!-- @AfterMethod afterMethod1Test -->
  <testcase classname="com.SDETL1_GenericUtility.BaseClass" name="@AfterClass afterClass1Test" time="-1.653026496865E9">
    <skipped/>
  </testcase> <!-- @AfterClass afterClass1Test -->
  <testcase classname="com.SDETL1_GenericUtility.BaseClass" name="@BeforeClass beforeClassTest" time="1.484">
    <failure type="io.github.bonigarcia.wdm.config.WebDriverManagerException" message="io.github.bonigarcia.wdm.config.WebDriverManagerException: java.net.UnknownHostException: chromedriver.storage.googleapis.com">
      <![CDATA[io.github.bonigarcia.wdm.config.WebDriverManagerException: io.github.bonigarcia.wdm.config.WebDriverManagerException: java.net.UnknownHostException: chromedriver.storage.googleapis.com
at io.github.bonigarcia.wdm.WebDriverManager.handleException(WebDriverManager.java:1306)
at io.github.bonigarcia.wdm.WebDriverManager.manage(WebDriverManager.java:1089)
at io.github.bonigarcia.wdm.WebDriverManager.fallback(WebDriverManager.java:1322)
at io.github.bonigarcia.wdm.WebDriverManager.handleException(WebDriverManager.java:1303)
at io.github.bonigarcia.wdm.WebDriverManager.manage(WebDriverManager.java:1089)
at io.github.bonigarcia.wdm.WebDriverManager.handleException(WebDriverManager.java:1296)
at io.github.bonigarcia.wdm.WebDriverManager.manage(WebDriverManager.java:1089)
at io.github.bonigarcia.wdm.WebDriverManager.setup(WebDriverManager.java:396)
at com.SDETL1_GenericUtility.BaseClass.beforeClassTest(BaseClass.java:68)
at java.base/java.util.ArrayList.forEach(ArrayList.java:1511)
at java.base/java.util.concurrent.FutureTask.run(FutureTask.java:264)
at java.base/java.util.concurrent.ThreadPoolExecutor.runWorker(ThreadPoolExecutor.java:1130)
at java.base/java.util.concurrent.ThreadPoolExecutor$Worker.run(ThreadPoolExecutor.java:630)
at java.base/java.lang.Thread.run(Thread.java:831)
Caused by: io.github.bonigarcia.wdm.config.WebDriverManagerException: java.net.UnknownHostException: chromedriver.storage.googleapis.com
at io.github.bonigarcia.wdm.WebDriverManager.getDriversFromXml(WebDriverManager.java:1453)
at io.github.bonigarcia.wdm.managers.ChromeDriverManager.getDriverUrls(ChromeDriverManager.java:103)
at io.github.bonigarcia.wdm.WebDriverManager.createUrlHandler(WebDriverManager.java:1327)
at io.github.bonigarcia.wdm.WebDriverManager.download(WebDriverManager.java:1165)
at io.github.bonigarcia.wdm.WebDriverManager.manage(WebDriverManager.java:1083)
... 28 more
Caused by: java.net.UnknownHostException: chromedriver.storage.googleapis.com
at java.base/java.net.InetAddress$CachedAddresses.get(InetAddress.java:800)
at java.base/java.net.InetAddress.getAllByName0(InetAddress.java:1507)
at java.base/java.net.InetAddress.getAllByName(InetAddress.java:1366)
at java.base/java.net.InetAddress.getAllByName(InetAddress.java:1300)
at org.apache.hc.client5.http.SystemDefaultDnsResolver.resolve(SystemDefaultDnsResolver.java:43)
at org.apache.hc.client5.http.impl.io.DefaultHttpClientConnectionOperator.connect(DefaultHttpClientConnectionOperator.java:118)
at org.apache.hc.client5.http.impl.io.PoolingHttpClientConnectionManager.connect(PoolingHttpClientConnectionManager.java:396)
at org.apache.hc.client5.http.impl.classic.InternalExecRuntime.connectEndpoint(InternalExecRuntime.java:158)
at org.apache.hc.client5.http.impl.classic.InternalExecRuntime.connectEndpoint(InternalExecRuntime.java:168)
at org.apache.hc.client5.http.impl.classic.ConnectExec.execute(ConnectExec.java:136)
at org.apache.hc.client5.http.impl.classic.ExecChainElement.execute(ExecChainElement.java:51)
at org.apache.hc.client5.http.impl.classic.ExecChainElement$1.proceed(ExecChainElement.java:57)
at org.apache.hc.client5.http.impl.classic.ProtocolExec.execute(ProtocolExec.java:175)
at org.apache.hc.client5.http.impl.classic.ExecChainElement.execute(ExecChainElement.java:51)
at org.apache.hc.client5.http.impl.classic.ExecChainElement$1.proceed(ExecChainElement.java:57)
at org.apache.hc.client5.http.impl.classic.HttpRequestRetryExec.execute(HttpRequestRetryExec.java:96)
at org.apache.hc.client5.http.impl.classic.ExecChainElement.execute(ExecChainElement.java:51)
at org.apache.hc.client5.http.impl.classic.ExecChainElement$1.proceed(ExecChainElement.java:57)
at org.apache.hc.client5.http.impl.classic.ContentCompressionExec.execute(ContentCompressionExec.java:133)
at org.apache.hc.client5.http.impl.classic.ExecChainElement.execute(ExecChainElement.java:51)
at org.apache.hc.client5.http.impl.classic.ExecChainElement$1.proceed(ExecChainElement.java:57)
at org.apache.hc.client5.http.impl.classic.RedirectExec.execute(RedirectExec.java:115)
at org.apache.hc.client5.http.impl.classic.ExecChainElement.execute(ExecChainElement.java:51)
at org.apache.hc.client5.http.impl.classic.InternalHttpClient.doExecute(InternalHttpClient.java:170)
at org.apache.hc.client5.http.impl.classic.CloseableHttpClient.execute(CloseableHttpClient.java:75)
at org.apache.hc.client5.http.impl.classic.CloseableHttpClient.execute(CloseableHttpClient.java:89)
at io.github.bonigarcia.wdm.online.HttpClient.execute(HttpClient.java:158)
at io.github.bonigarcia.wdm.WebDriverManager.getDriversFromXml(WebDriverManager.java:1438)
... 32 more
... Removed 16 stack frames]]>
    </failure>
  </testcase> <!-- @BeforeClass beforeClassTest -->
  <testcase classname="com.SDETL1_GenericUtility.BaseClass" name="@BeforeMethod beforeMethod1Test" time="-1.653026498357E9">
    <skipped/>
  </testcase> <!-- @BeforeMethod beforeMethod1Test -->
  <testcase classname="com.SDETL1_GenericUtility.BaseClass" name="@AfterMethod afterMethod1Test" time="-1.653026498382E9">
    <skipped/>
  </testcase> <!-- @AfterMethod afterMethod1Test -->
  <testcase classname="com.SDETL1_GenericUtility.BaseClass" name="@AfterClass afterClass1Test" time="-1.653026498384E9">
    <skipped/>
  </testcase> <!-- @AfterClass afterClass1Test -->
  <testcase classname="com.SDETL1_GenericUtility.BaseClass" name="@BeforeClass beforeClassTest" time="1.355">
    <failure type="io.github.bonigarcia.wdm.config.WebDriverManagerException" message="io.github.bonigarcia.wdm.config.WebDriverManagerException: java.net.UnknownHostException: chromedriver.storage.googleapis.com">
      <![CDATA[io.github.bonigarcia.wdm.config.WebDriverManagerException: io.github.bonigarcia.wdm.config.WebDriverManagerException: java.net.UnknownHostException: chromedriver.storage.googleapis.com
at io.github.bonigarcia.wdm.WebDriverManager.handleException(WebDriverManager.java:1306)
at io.github.bonigarcia.wdm.WebDriverManager.manage(WebDriverManager.java:1089)
at io.github.bonigarcia.wdm.WebDriverManager.fallback(WebDriverManager.java:1322)
at io.github.bonigarcia.wdm.WebDriverManager.handleException(WebDriverManager.java:1303)
at io.github.bonigarcia.wdm.WebDriverManager.manage(WebDriverManager.java:1089)
at io.github.bonigarcia.wdm.WebDriverManager.handleException(WebDriverManager.java:1296)
at io.github.bonigarcia.wdm.WebDriverManager.manage(WebDriverManager.java:1089)
at io.github.bonigarcia.wdm.WebDriverManager.setup(WebDriverManager.java:396)
at com.SDETL1_GenericUtility.BaseClass.beforeClassTest(BaseClass.java:68)
at java.base/java.util.ArrayList.forEach(ArrayList.java:1511)
at java.base/java.util.concurrent.FutureTask.run(FutureTask.java:264)
at java.base/java.util.concurrent.ThreadPoolExecutor.runWorker(ThreadPoolExecutor.java:1130)
at java.base/java.util.concurrent.ThreadPoolExecutor$Worker.run(ThreadPoolExecutor.java:630)
at java.base/java.lang.Thread.run(Thread.java:831)
Caused by: io.github.bonigarcia.wdm.config.WebDriverManagerException: java.net.UnknownHostException: chromedriver.storage.googleapis.com
at io.github.bonigarcia.wdm.WebDriverManager.getDriversFromXml(WebDriverManager.java:1453)
at io.github.bonigarcia.wdm.managers.ChromeDriverManager.getDriverUrls(ChromeDriverManager.java:103)
at io.github.bonigarcia.wdm.WebDriverManager.createUrlHandler(WebDriverManager.java:1327)
at io.github.bonigarcia.wdm.WebDriverManager.download(WebDriverManager.java:1165)
at io.github.bonigarcia.wdm.WebDriverManager.manage(WebDriverManager.java:1083)
... 28 more
Caused by: java.net.UnknownHostException: chromedriver.storage.googleapis.com
at java.base/java.net.InetAddress$CachedAddresses.get(InetAddress.java:800)
at java.base/java.net.InetAddress.getAllByName0(InetAddress.java:1507)
at java.base/java.net.InetAddress.getAllByName(InetAddress.java:1366)
at java.base/java.net.InetAddress.getAllByName(InetAddress.java:1300)
at org.apache.hc.client5.http.SystemDefaultDnsResolver.resolve(SystemDefaultDnsResolver.java:43)
at org.apache.hc.client5.http.impl.io.DefaultHttpClientConnectionOperator.connect(DefaultHttpClientConnectionOperator.java:118)
at org.apache.hc.client5.http.impl.io.PoolingHttpClientConnectionManager.connect(PoolingHttpClientConnectionManager.java:396)
at org.apache.hc.client5.http.impl.classic.InternalExecRuntime.connectEndpoint(InternalExecRuntime.java:158)
at org.apache.hc.client5.http.impl.classic.InternalExecRuntime.connectEndpoint(InternalExecRuntime.java:168)
at org.apache.hc.client5.http.impl.classic.ConnectExec.execute(ConnectExec.java:136)
at org.apache.hc.client5.http.impl.classic.ExecChainElement.execute(ExecChainElement.java:51)
at org.apache.hc.client5.http.impl.classic.ExecChainElement$1.proceed(ExecChainElement.java:57)
at org.apache.hc.client5.http.impl.classic.ProtocolExec.execute(ProtocolExec.java:175)
at org.apache.hc.client5.http.impl.classic.ExecChainElement.execute(ExecChainElement.java:51)
at org.apache.hc.client5.http.impl.classic.ExecChainElement$1.proceed(ExecChainElement.java:57)
at org.apache.hc.client5.http.impl.classic.HttpRequestRetryExec.execute(HttpRequestRetryExec.java:96)
at org.apache.hc.client5.http.impl.classic.ExecChainElement.execute(ExecChainElement.java:51)
at org.apache.hc.client5.http.impl.classic.ExecChainElement$1.proceed(ExecChainElement.java:57)
at org.apache.hc.client5.http.impl.classic.ContentCompressionExec.execute(ContentCompressionExec.java:133)
at org.apache.hc.client5.http.impl.classic.ExecChainElement.execute(ExecChainElement.java:51)
at org.apache.hc.client5.http.impl.classic.ExecChainElement$1.proceed(ExecChainElement.java:57)
at org.apache.hc.client5.http.impl.classic.RedirectExec.execute(RedirectExec.java:115)
at org.apache.hc.client5.http.impl.classic.ExecChainElement.execute(ExecChainElement.java:51)
at org.apache.hc.client5.http.impl.classic.InternalHttpClient.doExecute(InternalHttpClient.java:170)
at org.apache.hc.client5.http.impl.classic.CloseableHttpClient.execute(CloseableHttpClient.java:75)
at org.apache.hc.client5.http.impl.classic.CloseableHttpClient.execute(CloseableHttpClient.java:89)
at io.github.bonigarcia.wdm.online.HttpClient.execute(HttpClient.java:158)
at io.github.bonigarcia.wdm.WebDriverManager.getDriversFromXml(WebDriverManager.java:1438)
... 32 more
... Removed 16 stack frames]]>
    </failure>
  </testcase> <!-- @BeforeClass beforeClassTest -->
  <testcase classname="com.SDETL1_GenericUtility.BaseClass" name="@BeforeMethod beforeMethod1Test" time="-1.653026499746E9">
    <skipped/>
  </testcase> <!-- @BeforeMethod beforeMethod1Test -->
  <testcase classname="com.SDETL1_GenericUtility.BaseClass" name="@AfterMethod afterMethod1Test" time="-1.653026499751E9">
    <skipped/>
  </testcase> <!-- @AfterMethod afterMethod1Test -->
  <testcase classname="com.SDETL1_GenericUtility.BaseClass" name="@AfterClass afterClass1Test" time="-1.653026499752E9">
    <skipped/>
  </testcase> <!-- @AfterClass afterClass1Test -->
  <testcase classname="com.vtiger.DocumentsSTest.CreateDocumentTest" name="createDocTest" time="0.0">
    <skipped/>
  </testcase> <!-- createDocTest -->
  <testcase classname="com.vtiger.contactsSTest.CreateContactTest" name="createContactExceTest" time="0.0">
    <skipped/>
  </testcase> <!-- createContactExceTest -->
  <testcase classname="com.vtiger.CampaigNamesSTest.CreateCompaignTest" name="creCampaignTest" time="0.0">
    <skipped/>
  </testcase> <!-- creCampaignTest -->
  <testcase classname="com.vtiger.ProductSTest.ProductTest" name="createProduct" time="0.0">
    <skipped/>
  </testcase> <!-- createProduct -->
  <testcase classname="com.vtiger.organizationSTest.CreateOrganizationTest" name="createOrgExcel" time="0.0">
    <skipped/>
  </testcase> <!-- createOrgExcel -->
  <testcase classname="com.SDETL1_GenericUtility.BaseClass" name="@AfterSuite afterSuit1Test" time="0.0">
    <ignored/>
  </testcase> <!-- @AfterSuite afterSuit1Test -->
  <testcase classname="com.SDETL1_GenericUtility.BaseClass" name="@AfterSuite afterSuit1Test" time="0.0">
    <ignored/>
  </testcase> <!-- @AfterSuite afterSuit1Test -->
  <testcase classname="com.SDETL1_GenericUtility.BaseClass" name="@AfterSuite afterSuit1Test" time="0.0">
    <ignored/>
  </testcase> <!-- @AfterSuite afterSuit1Test -->
  <testcase classname="com.SDETL1_GenericUtility.BaseClass" name="@AfterSuite afterSuit1Test" time="0.0">
    <ignored/>
  </testcase> <!-- @AfterSuite afterSuit1Test -->
  <testcase classname="com.SDETL1_GenericUtility.BaseClass" name="@BeforeSuite beforeSuitTest" time="0.0">
    <ignored/>
  </testcase> <!-- @BeforeSuite beforeSuitTest -->
  <testcase classname="com.SDETL1_GenericUtility.BaseClass" name="@BeforeSuite beforeSuitTest" time="0.0">
    <ignored/>
  </testcase> <!-- @BeforeSuite beforeSuitTest -->
  <testcase classname="com.SDETL1_GenericUtility.BaseClass" name="@BeforeSuite beforeSuitTest" time="0.0">
    <ignored/>
  </testcase> <!-- @BeforeSuite beforeSuitTest -->
  <testcase classname="com.SDETL1_GenericUtility.BaseClass" name="@BeforeSuite beforeSuitTest" time="0.0">
    <ignored/>
  </testcase> <!-- @BeforeSuite beforeSuitTest -->
</testsuite> <!-- Test1 -->
