<?xml version="1.0" encoding="UTF-8"?>
<!-- Generated by org.testng.reporters.JUnitXMLReporter -->
<testsuite hostname="DESKTOP-G9DF0PR" ignored="6" name="Test" tests="4" failures="0" timestamp="26 May 2022 11:44:59 GMT" time="63.322" errors="0">
  <testcase name="createContactExceTest" time="9.618" classname="com.vtiger.contactsSTest.CreateContactTest"/>
  <testcase name="creCampaignTest" time="5.749" classname="com.vtiger.CampaigNamesSTest.CreateCompaignTest"/>
  <testcase name="createProduct" time="8.835" classname="com.vtiger.ProductSTest.ProductTest"/>
  <testcase name="createOrgExcel" time="6.556" classname="com.vtiger.organizationSTest.CreateOrganizationTest"/>
  <testcase name="@AfterSuite afterSuit1Test" time="0.0" classname="com.SDETL1_GenericUtility.BaseClass">
    <ignored/>
  </testcase> <!-- @AfterSuite afterSuit1Test -->
  <testcase name="@AfterSuite afterSuit1Test" time="0.0" classname="com.SDETL1_GenericUtility.BaseClass">
    <ignored/>
  </testcase> <!-- @AfterSuite afterSuit1Test -->
  <testcase name="@AfterSuite afterSuit1Test" time="0.0" classname="com.SDETL1_GenericUtility.BaseClass">
    <ignored/>
  </testcase> <!-- @AfterSuite afterSuit1Test -->
  <testcase name="@BeforeSuite beforeSuitTest" time="0.0" classname="com.SDETL1_GenericUtility.BaseClass">
    <ignored/>
  </testcase> <!-- @BeforeSuite beforeSuitTest -->
  <testcase name="@BeforeSuite beforeSuitTest" time="0.0" classname="com.SDETL1_GenericUtility.BaseClass">
    <ignored/>
  </testcase> <!-- @BeforeSuite beforeSuitTest -->
  <testcase name="@BeforeSuite beforeSuitTest" time="0.0" classname="com.SDETL1_GenericUtility.BaseClass">
    <ignored/>
  </testcase> <!-- @BeforeSuite beforeSuitTest -->
</testsuite> <!-- Test -->
