<?xml version="1.0" encoding="UTF-8"?>
<testng-results skipped="0" failed="0" ignored="6" total="10" passed="4">
  <reporter-output>
  </reporter-output>
  <suite name="Suite" duration-ms="63322" started-at="2022-05-26T11:43:55Z" finished-at="2022-05-26T11:44:59Z">
    <groups>
      <group name="regression">
        <method signature="CreateOrganizationTest.createOrgExcel()[pri:0, instance:com.vtiger.organizationSTest.CreateOrganizationTest@3af37506]" name="createOrgExcel" class="com.vtiger.organizationSTest.CreateOrganizationTest"/>
        <method signature="ProductTest.createProduct()[pri:0, instance:com.vtiger.ProductSTest.ProductTest@4287d447]" name="createProduct" class="com.vtiger.ProductSTest.ProductTest"/>
      </group> <!-- regression -->
      <group name="sanity">
        <method signature="CreateCompaignTest.creCampaignTest()[pri:0, instance:com.vtiger.CampaigNamesSTest.CreateCompaignTest@2fa3be26]" name="creCampaignTest" class="com.vtiger.CampaigNamesSTest.CreateCompaignTest"/>
        <method signature="CreateContactTest.createContactExceTest()[pri:0, instance:com.vtiger.contactsSTest.CreateContactTest@76304b46]" name="createContactExceTest" class="com.vtiger.contactsSTest.CreateContactTest"/>
      </group> <!-- sanity -->
    </groups>
    <test name="Test" duration-ms="63322" started-at="2022-05-26T11:43:55Z" finished-at="2022-05-26T11:44:59Z">
      <class name="com.vtiger.contactsSTest.CreateContactTest">
        <test-method status="PASS" signature="beforeSuitTest()[pri:0, instance:com.vtiger.contactsSTest.CreateContactTest@76304b46]" name="beforeSuitTest" is-config="true" duration-ms="1689" started-at="2022-05-26T11:43:54Z" finished-at="2022-05-26T11:43:55Z">
          <reporter-output>
          </reporter-output>
        </test-method> <!-- beforeSuitTest -->
        <test-method status="PASS" signature="beforeClassTest()[pri:0, instance:com.vtiger.contactsSTest.CreateContactTest@76304b46]" name="beforeClassTest" is-config="true" duration-ms="4721" started-at="2022-05-26T11:43:55Z" finished-at="2022-05-26T11:44:00Z">
          <reporter-output>
          </reporter-output>
        </test-method> <!-- beforeClassTest -->
        <test-method status="PASS" signature="beforeMethod1Test()[pri:0, instance:com.vtiger.contactsSTest.CreateContactTest@76304b46]" name="beforeMethod1Test" is-config="true" duration-ms="3038" started-at="2022-05-26T11:44:00Z" finished-at="2022-05-26T11:44:03Z">
          <reporter-output>
          </reporter-output>
        </test-method> <!-- beforeMethod1Test -->
        <test-method status="PASS" signature="createContactExceTest()[pri:0, instance:com.vtiger.contactsSTest.CreateContactTest@76304b46]" name="createContactExceTest" duration-ms="9618" started-at="2022-05-26T11:44:03Z" description="testng:-CreateContactTest" finished-at="2022-05-26T11:44:13Z">
          <reporter-output>
          </reporter-output>
        </test-method> <!-- createContactExceTest -->
        <test-method status="PASS" signature="afterMethod1Test()[pri:0, instance:com.vtiger.contactsSTest.CreateContactTest@76304b46]" name="afterMethod1Test" is-config="true" duration-ms="1331" started-at="2022-05-26T11:44:13Z" finished-at="2022-05-26T11:44:14Z">
          <reporter-output>
          </reporter-output>
        </test-method> <!-- afterMethod1Test -->
        <test-method status="PASS" signature="afterClass1Test()[pri:0, instance:com.vtiger.contactsSTest.CreateContactTest@76304b46]" name="afterClass1Test" is-config="true" duration-ms="793" started-at="2022-05-26T11:44:14Z" finished-at="2022-05-26T11:44:15Z">
          <reporter-output>
          </reporter-output>
        </test-method> <!-- afterClass1Test -->
        <test-method status="PASS" signature="afterSuit1Test()[pri:0, instance:com.vtiger.contactsSTest.CreateContactTest@76304b46]" name="afterSuit1Test" is-config="true" duration-ms="0" started-at="2022-05-26T11:44:59Z" finished-at="2022-05-26T11:44:59Z">
          <reporter-output>
          </reporter-output>
        </test-method> <!-- afterSuit1Test -->
      </class> <!-- com.vtiger.contactsSTest.CreateContactTest -->
      <class name="com.vtiger.CampaigNamesSTest.CreateCompaignTest">
        <test-method status="PASS" signature="beforeClassTest()[pri:0, instance:com.vtiger.CampaigNamesSTest.CreateCompaignTest@2fa3be26]" name="beforeClassTest" is-config="true" duration-ms="2383" started-at="2022-05-26T11:44:15Z" finished-at="2022-05-26T11:44:18Z">
          <reporter-output>
          </reporter-output>
        </test-method> <!-- beforeClassTest -->
        <test-method status="PASS" signature="beforeMethod1Test()[pri:0, instance:com.vtiger.CampaigNamesSTest.CreateCompaignTest@2fa3be26]" name="beforeMethod1Test" is-config="true" duration-ms="2729" started-at="2022-05-26T11:44:18Z" finished-at="2022-05-26T11:44:20Z">
          <reporter-output>
          </reporter-output>
        </test-method> <!-- beforeMethod1Test -->
        <test-method status="PASS" signature="creCampaignTest()[pri:0, instance:com.vtiger.CampaigNamesSTest.CreateCompaignTest@2fa3be26]" name="creCampaignTest" duration-ms="5749" started-at="2022-05-26T11:44:20Z" finished-at="2022-05-26T11:44:26Z">
          <reporter-output>
          </reporter-output>
        </test-method> <!-- creCampaignTest -->
        <test-method status="PASS" signature="afterMethod1Test()[pri:0, instance:com.vtiger.CampaigNamesSTest.CreateCompaignTest@2fa3be26]" name="afterMethod1Test" is-config="true" duration-ms="1290" started-at="2022-05-26T11:44:26Z" finished-at="2022-05-26T11:44:27Z">
          <reporter-output>
          </reporter-output>
        </test-method> <!-- afterMethod1Test -->
        <test-method status="PASS" signature="afterClass1Test()[pri:0, instance:com.vtiger.CampaigNamesSTest.CreateCompaignTest@2fa3be26]" name="afterClass1Test" is-config="true" duration-ms="730" started-at="2022-05-26T11:44:27Z" finished-at="2022-05-26T11:44:28Z">
          <reporter-output>
          </reporter-output>
        </test-method> <!-- afterClass1Test -->
      </class> <!-- com.vtiger.CampaigNamesSTest.CreateCompaignTest -->
      <class name="com.vtiger.ProductSTest.ProductTest">
        <test-method status="PASS" signature="beforeClassTest()[pri:0, instance:com.vtiger.ProductSTest.ProductTest@4287d447]" name="beforeClassTest" is-config="true" duration-ms="2394" started-at="2022-05-26T11:44:28Z" finished-at="2022-05-26T11:44:30Z">
          <reporter-output>
          </reporter-output>
        </test-method> <!-- beforeClassTest -->
        <test-method status="PASS" signature="beforeMethod1Test()[pri:0, instance:com.vtiger.ProductSTest.ProductTest@4287d447]" name="beforeMethod1Test" is-config="true" duration-ms="2659" started-at="2022-05-26T11:44:30Z" finished-at="2022-05-26T11:44:33Z">
          <reporter-output>
          </reporter-output>
        </test-method> <!-- beforeMethod1Test -->
        <test-method status="PASS" signature="createProduct()[pri:0, instance:com.vtiger.ProductSTest.ProductTest@4287d447]" name="createProduct" duration-ms="8835" started-at="2022-05-26T11:44:33Z" finished-at="2022-05-26T11:44:42Z">
          <reporter-output>
          </reporter-output>
        </test-method> <!-- createProduct -->
        <test-method status="PASS" signature="afterMethod1Test()[pri:0, instance:com.vtiger.ProductSTest.ProductTest@4287d447]" name="afterMethod1Test" is-config="true" duration-ms="1881" started-at="2022-05-26T11:44:42Z" finished-at="2022-05-26T11:44:44Z">
          <reporter-output>
          </reporter-output>
        </test-method> <!-- afterMethod1Test -->
        <test-method status="PASS" signature="afterClass1Test()[pri:0, instance:com.vtiger.ProductSTest.ProductTest@4287d447]" name="afterClass1Test" is-config="true" duration-ms="755" started-at="2022-05-26T11:44:44Z" finished-at="2022-05-26T11:44:45Z">
          <reporter-output>
          </reporter-output>
        </test-method> <!-- afterClass1Test -->
      </class> <!-- com.vtiger.ProductSTest.ProductTest -->
      <class name="com.vtiger.organizationSTest.CreateOrganizationTest">
        <test-method status="PASS" signature="beforeClassTest()[pri:0, instance:com.vtiger.organizationSTest.CreateOrganizationTest@3af37506]" name="beforeClassTest" is-config="true" duration-ms="2460" started-at="2022-05-26T11:44:45Z" finished-at="2022-05-26T11:44:47Z">
          <reporter-output>
          </reporter-output>
        </test-method> <!-- beforeClassTest -->
        <test-method status="PASS" signature="beforeMethod1Test()[pri:0, instance:com.vtiger.organizationSTest.CreateOrganizationTest@3af37506]" name="beforeMethod1Test" is-config="true" duration-ms="2838" started-at="2022-05-26T11:44:47Z" finished-at="2022-05-26T11:44:50Z">
          <reporter-output>
          </reporter-output>
        </test-method> <!-- beforeMethod1Test -->
        <test-method status="PASS" signature="createOrgExcel()[pri:0, instance:com.vtiger.organizationSTest.CreateOrganizationTest@3af37506]" name="createOrgExcel" duration-ms="6556" started-at="2022-05-26T11:44:50Z" finished-at="2022-05-26T11:44:56Z">
          <reporter-output>
          </reporter-output>
        </test-method> <!-- createOrgExcel -->
        <test-method status="PASS" signature="afterMethod1Test()[pri:0, instance:com.vtiger.organizationSTest.CreateOrganizationTest@3af37506]" name="afterMethod1Test" is-config="true" duration-ms="1311" started-at="2022-05-26T11:44:56Z" finished-at="2022-05-26T11:44:58Z">
          <reporter-output>
          </reporter-output>
        </test-method> <!-- afterMethod1Test -->
        <test-method status="PASS" signature="afterClass1Test()[pri:0, instance:com.vtiger.organizationSTest.CreateOrganizationTest@3af37506]" name="afterClass1Test" is-config="true" duration-ms="785" started-at="2022-05-26T11:44:58Z" finished-at="2022-05-26T11:44:59Z">
          <reporter-output>
          </reporter-output>
        </test-method> <!-- afterClass1Test -->
      </class> <!-- com.vtiger.organizationSTest.CreateOrganizationTest -->
    </test> <!-- Test -->
  </suite> <!-- Suite -->
</testng-results>
