<?xml version="1.0" encoding="UTF-8"?>
<testng-results ignored="0" total="1" passed="1" failed="0" skipped="0">
  <reporter-output>
  </reporter-output>
  <suite started-at="2022-05-26T17:56:04 IST" name="Default suite" finished-at="2022-05-26T17:56:41 IST" duration-ms="36307">
    <groups>
      <group name="sanity">
        <method signature="CreateContactTest.createContactExceTest()[pri:0, instance:com.vtiger.contactsSTest.CreateContactTest@4dbad37]" name="createContactExceTest" class="com.vtiger.contactsSTest.CreateContactTest"/>
      </group> <!-- sanity -->
    </groups>
    <test started-at="2022-05-26T17:56:04 IST" name="Default test" finished-at="2022-05-26T17:56:41 IST" duration-ms="36307">
      <class name="com.vtiger.contactsSTest.CreateContactTest">
        <test-method is-config="true" signature="beforeSuitTest()[pri:0, instance:com.vtiger.contactsSTest.CreateContactTest@4dbad37]" started-at="2022-05-26T17:56:02 IST" name="beforeSuitTest" finished-at="2022-05-26T17:56:04 IST" duration-ms="1886" status="PASS">
          <reporter-output>
          </reporter-output>
        </test-method> <!-- beforeSuitTest -->
        <test-method is-config="true" signature="beforeClassTest()[pri:0, instance:com.vtiger.contactsSTest.CreateContactTest@4dbad37]" started-at="2022-05-26T17:56:04 IST" name="beforeClassTest" finished-at="2022-05-26T17:56:09 IST" duration-ms="4279" status="PASS">
          <reporter-output>
          </reporter-output>
        </test-method> <!-- beforeClassTest -->
        <test-method is-config="true" signature="beforeMethod1Test()[pri:0, instance:com.vtiger.contactsSTest.CreateContactTest@4dbad37]" started-at="2022-05-26T17:56:09 IST" name="beforeMethod1Test" finished-at="2022-05-26T17:56:16 IST" duration-ms="7139" status="PASS">
          <reporter-output>
          </reporter-output>
        </test-method> <!-- beforeMethod1Test -->
        <test-method signature="createContactExceTest()[pri:0, instance:com.vtiger.contactsSTest.CreateContactTest@4dbad37]" started-at="2022-05-26T17:56:16 IST" name="createContactExceTest" description="testng:-CreateContactTest" finished-at="2022-05-26T17:56:38 IST" duration-ms="22075" status="PASS">
          <reporter-output>
          </reporter-output>
        </test-method> <!-- createContactExceTest -->
        <test-method is-config="true" signature="afterMethod1Test()[pri:0, instance:com.vtiger.contactsSTest.CreateContactTest@4dbad37]" started-at="2022-05-26T17:56:38 IST" name="afterMethod1Test" finished-at="2022-05-26T17:56:40 IST" duration-ms="2012" status="PASS">
          <reporter-output>
          </reporter-output>
        </test-method> <!-- afterMethod1Test -->
        <test-method is-config="true" signature="afterClass1Test()[pri:0, instance:com.vtiger.contactsSTest.CreateContactTest@4dbad37]" started-at="2022-05-26T17:56:40 IST" name="afterClass1Test" finished-at="2022-05-26T17:56:41 IST" duration-ms="303" status="PASS">
          <reporter-output>
          </reporter-output>
        </test-method> <!-- afterClass1Test -->
        <test-method is-config="true" signature="afterSuit1Test()[pri:0, instance:com.vtiger.contactsSTest.CreateContactTest@4dbad37]" started-at="2022-05-26T17:56:41 IST" name="afterSuit1Test" finished-at="2022-05-26T17:56:41 IST" duration-ms="1" status="PASS">
          <reporter-output>
          </reporter-output>
        </test-method> <!-- afterSuit1Test -->
      </class> <!-- com.vtiger.contactsSTest.CreateContactTest -->
    </test> <!-- Default test -->
  </suite> <!-- Default suite -->
</testng-results>
